  glad.c
  Main.cpp
C:\Users\tewar\Documents\Projects\OpenGL\learn-opengl\Project1\Main.cpp(354,28): warning C4244: 'initializing': conversion from 'double' to 'float', possible loss of data
C:\Users\tewar\Documents\Projects\OpenGL\learn-opengl\Project1\Main.cpp(358,25): warning C4244: 'initializing': conversion from 'double' to 'float', possible loss of data
C:\Users\tewar\Documents\Projects\OpenGL\learn-opengl\Project1\Main.cpp(359,25): warning C4244: 'initializing': conversion from 'double' to 'float', possible loss of data
C:\Users\tewar\Documents\Projects\OpenGL\learn-opengl\Project1\Main.cpp(360,25): warning C4244: 'initializing': conversion from 'double' to 'float', possible loss of data
C:\Users\tewar\Documents\Projects\OpenGL\learn-opengl\Project1\Main.cpp(365,40): warning C4244: '=': conversion from 'double' to 'float', possible loss of data
C:\Users\tewar\Documents\Projects\OpenGL\learn-opengl\Project1\Main.cpp(366,40): warning C4244: '=': conversion from 'double' to 'float', possible loss of data
C:\Users\tewar\Documents\Projects\OpenGL\learn-opengl\Project1\Main.cpp(367,40): warning C4244: '=': conversion from 'double' to 'float', possible loss of data
C:\Users\tewar\Documents\Projects\OpenGL\learn-opengl\Project1\Main.cpp(373,40): warning C4244: '=': conversion from 'double' to 'float', possible loss of data
C:\Users\tewar\Documents\Projects\OpenGL\learn-opengl\Project1\Main.cpp(374,40): warning C4244: '=': conversion from 'double' to 'float', possible loss of data
C:\Users\tewar\Documents\Projects\OpenGL\learn-opengl\Project1\Main.cpp(375,40): warning C4244: '=': conversion from 'double' to 'float', possible loss of data
C:\Users\tewar\Documents\Projects\OpenGL\learn-opengl\Project1\Main.cpp(380,40): warning C4244: '=': conversion from 'double' to 'float', possible loss of data
C:\Users\tewar\Documents\Projects\OpenGL\learn-opengl\Project1\Main.cpp(381,40): warning C4244: '=': conversion from 'double' to 'float', possible loss of data
C:\Users\tewar\Documents\Projects\OpenGL\learn-opengl\Project1\Main.cpp(382,40): warning C4244: '=': conversion from 'double' to 'float', possible loss of data
C:\Users\tewar\Documents\Projects\OpenGL\learn-opengl\Project1\Main.cpp(440,17): warning C4244: '=': conversion from 'double' to 'float', possible loss of data
C:\Users\tewar\Documents\Projects\OpenGL\learn-opengl\Project1\Main.cpp(441,17): warning C4244: '=': conversion from 'double' to 'float', possible loss of data
C:\Users\tewar\Documents\Projects\OpenGL\learn-opengl\Project1\Main.cpp(445,19): warning C4244: 'initializing': conversion from 'double' to 'float', possible loss of data
C:\Users\tewar\Documents\Projects\OpenGL\learn-opengl\Project1\Main.cpp(446,19): warning C4244: 'initializing': conversion from 'double' to 'float', possible loss of data
C:\Users\tewar\Documents\Projects\OpenGL\learn-opengl\Project1\Main.cpp(447,13): warning C4244: '=': conversion from 'double' to 'float', possible loss of data
C:\Users\tewar\Documents\Projects\OpenGL\learn-opengl\Project1\Main.cpp(448,13): warning C4244: '=': conversion from 'double' to 'float', possible loss of data
LINK : warning LNK4098: defaultlib 'MSVCRT' conflicts with use of other libs; use /NODEFAULTLIB:library
  Project1.vcxproj -> C:\Users\tewar\Documents\Projects\OpenGL\learn-opengl\Project1\x64\Debug\Project1.exe
